<?xml version="1.0" encoding="UTF-8"?>
<!-- Generated by org.testng.reporters.JUnitReportReporter -->
<testsuite hostname="DESKTOP-F074HFR" failures="0" tests="1" name="test1.tesng1.myntra" time="26.755" errors="0" timestamp="2022-02-27T00:28:41 IST" skipped="0">
  <testcase classname="test1.tesng1.myntra" name="addtocart" time="26.755"/>
  <system-out/>
</testsuite> <!-- test1.tesng1.myntra -->
