<?xml version="1.0" encoding="UTF-8"?>
<!-- Generated by org.testng.reporters.JUnitReportReporter -->
<testsuite hostname="DESKTOP-F074HFR" failures="0" tests="4" name="test1.tesng1.dataporvide_data" time="0.053" errors="0" timestamp="2022-02-27T00:58:13 IST" skipped="0">
  <testcase classname="test1.tesng1.dataporvide_data" name="f2" time="0.003"/>
  <system-out/>
  <testcase classname="test1.tesng1.dataporvide_data" name="f2" time="0.011"/>
  <system-out/>
  <testcase classname="test1.tesng1.dataporvide_data" name="f" time="0.030"/>
  <system-out/>
  <testcase classname="test1.tesng1.dataporvide_data" name="f" time="0.009"/>
  <system-out/>
</testsuite> <!-- test1.tesng1.dataporvide_data -->
