<?xml version="1.0" encoding="UTF-8"?>
<!-- Generated by org.testng.reporters.JUnitReportReporter -->
<testsuite hostname="DESKTOP-F074HFR" failures="0" tests="2" name="test1.tesng1.myntra" time="19.197" errors="0" timestamp="2022-02-27T21:49:55 IST" skipped="0">
  <testcase classname="test1.tesng1.myntra" name="addtocart" time="17.045"/>
  <system-out/>
  <testcase classname="test1.tesng1.myntra" name="addtocart2" time="2.152"/>
  <system-out/>
</testsuite> <!-- test1.tesng1.myntra -->
