<?xml version="1.0" encoding="UTF-8"?>
<!-- Generated by org.testng.reporters.JUnitReportReporter -->
<testsuite hostname="DESKTOP-F074HFR" failures="0" tests="3" name="test1.tesng1.Assertion" time="211.806" errors="0" timestamp="2022-02-20T23:17:42 IST" skipped="1">
  <testcase classname="test1.tesng1.Assertion" name="assertion1" time="92.344"/>
  <system-out/>
  <testcase classname="test1.tesng1.Assertion" name="Login" time="119.462"/>
  <system-out/>
  <testcase classname="test1.tesng1.Assertion" name="connect">
    <skipped/>
  </testcase> <!-- connect -->
  <system-out/>
</testsuite> <!-- test1.tesng1.Assertion -->
