<?xml version="1.0" encoding="UTF-8"?>
<!-- Generated by org.testng.reporters.JUnitReportReporter -->
<testsuite hostname="DESKTOP-F074HFR" failures="0" tests="1" name="test1.tesng1.NewTestdemo" time="0.033" errors="0" timestamp="2022-02-26T20:58:15 IST" skipped="0">
  <testcase classname="test1.tesng1.NewTestdemo" name="f" time="0.033"/>
  <system-out/>
</testsuite> <!-- test1.tesng1.NewTestdemo -->
