<?xml version="1.0" encoding="UTF-8"?>
<!-- Generated by org.testng.reporters.JUnitReportReporter -->
<testsuite hostname="DESKTOP-F074HFR" failures="0" tests="2" name="test1.tesng1.Loign" time="0.021" errors="0" timestamp="2022-02-19T20:35:25 IST" skipped="0">
  <testcase classname="test1.tesng1.Loign" name="Logintest" time="0.017"/>
  <system-out/>
  <testcase classname="test1.tesng1.Loign" name="logout" time="0.004"/>
  <system-out/>
</testsuite> <!-- test1.tesng1.Loign -->
